\BOOKMARK [0][-]{chapter.1}{\376\377\000P\000r\000e\000l\000i\000m\000i\000n\000a\000r\000y}{}% 1
\BOOKMARK [0][-]{chapter.2}{\376\377\000G\000r\000o\000u\000p\000\040\000T\000h\000e\000o\000r\000y}{}% 2
\BOOKMARK [1][-]{section.2.1}{\376\377\000I\000n\000t\000r\000o\000d\000u\000c\000t\000i\000o\000n}{chapter.2}% 3
\BOOKMARK [1][-]{section.2.2}{\376\377\000S\000u\000b\000g\000r\000o\000u\000p}{chapter.2}% 4
\BOOKMARK [1][-]{section.2.3}{\376\377\000A\000\040\000c\000o\000u\000n\000t\000i\000n\000g\000\040\000p\000r\000i\000n\000c\000i\000p\000l\000e}{chapter.2}% 5
\BOOKMARK [1][-]{section.2.4}{\376\377\000N\000o\000r\000m\000a\000l\000\040\000s\000u\000b\000g\000r\000o\000u\000p\000s}{chapter.2}% 6
\BOOKMARK [1][-]{section.2.5}{\376\377\000H\000o\000m\000o\000m\000o\000r\000p\000h\000i\000s\000m}{chapter.2}% 7
\BOOKMARK [1][-]{section.2.6}{\376\377\000A\000u\000t\000o\000m\000o\000r\000p\000h\000i\000s\000m}{chapter.2}% 8
\BOOKMARK [1][-]{section.2.7}{\376\377\000C\000a\000y\000l\000e\000y\000'\000s\000\040\000t\000h\000e\000o\000r\000e\000m}{chapter.2}% 9
\BOOKMARK [1][-]{section.2.8}{\376\377\000P\000e\000r\000m\000u\000t\000a\000t\000i\000o\000n\000\040\000g\000r\000o\000u\000p}{chapter.2}% 10
\BOOKMARK [1][-]{section.2.9}{\376\377\000A\000n\000o\000t\000h\000e\000r\000\040\000c\000o\000u\000n\000t\000i\000n\000g\000\040\000p\000r\000i\000n\000c\000i\000p\000l\000e}{chapter.2}% 11
\BOOKMARK [1][-]{section.2.10}{\376\377\000S\000y\000l\000o\000w\000'\000s\000\040\000t\000h\000e\000o\000r\000e\000m}{chapter.2}% 12
\BOOKMARK [1][-]{section.2.11}{\376\377\000D\000i\000r\000e\000c\000t\000\040\000p\000r\000o\000d\000u\000c\000t}{chapter.2}% 13
\BOOKMARK [1][-]{section.2.12}{\376\377\000F\000i\000n\000i\000t\000e\000\040\000a\000b\000e\000l\000i\000a\000n\000\040\000g\000r\000o\000u\000p\000s}{chapter.2}% 14
\BOOKMARK [0][-]{chapter.3}{\376\377\000R\000i\000n\000g\000\040\000T\000h\000e\000o\000r\000y}{}% 15
\BOOKMARK [1][-]{section.3.1}{\376\377\000S\000o\000m\000e\000\040\000s\000p\000e\000c\000i\000a\000l\000\040\000c\000l\000a\000s\000s\000e\000d\000\040\000o\000f\000\040\000r\000i\000n\000g}{chapter.3}% 16
\BOOKMARK [1][-]{section.3.2}{\376\377\000H\000o\000m\000o\000m\000o\000r\000p\000h\000i\000s\000m\000s}{chapter.3}% 17
\BOOKMARK [1][-]{section.3.3}{\376\377\000I\000d\000e\000a\000l\000s\000\040\000a\000n\000d\000\040\000q\000u\000o\000t\000i\000e\000n\000t\000\040\000r\000i\000n\000g}{chapter.3}% 18
\BOOKMARK [1][-]{section.3.4}{\376\377\000M\000o\000r\000e\000\040\000i\000d\000e\000a\000l\000s\000\040\000a\000n\000d\000\040\000q\000u\000o\000t\000i\000e\000n\000t\000\040\000r\000i\000n\000g\000s}{chapter.3}% 19
\BOOKMARK [1][-]{section.3.5}{\376\377\000T\000h\000e\000\040\000f\000i\000e\000l\000d\000\040\000o\000f\000\040\000q\000u\000o\000t\000i\000e\000n\000t\000s\000\040\000o\000f\000\040\000i\000n\000t\000e\000g\000r\000a\000l\000\040\000d\000o\000m\000a\000i\000n}{chapter.3}% 20
\BOOKMARK [1][-]{section.3.6}{\376\377\000E\000u\000c\000l\000i\000d\000e\000a\000n\000\040\000r\000i\000n\000g}{chapter.3}% 21
